C:\Program Files (x86)\Microsoft Visual Studio\2019\Community\MSBuild\Microsoft\VC\v160\Microsoft.CppBuild.targets(513,5): warning MSB8028: The intermediate directory (Debug\) contains files shared from another project (Acedemy_20210608_3.vcxproj).  This can lead to incorrect clean and rebuild behavior.
  Acedemy_20210608_3.cpp
D:\Github\CodeTest\Cpp\Academy_20210602\Acedemy_20210608_3\Acedemy_20210608_3.cpp(90,24): warning C4018: '<': signed/unsigned mismatch
D:\Github\CodeTest\Cpp\Academy_20210602\Acedemy_20210608_3\Acedemy_20210608_3.cpp(95,24): warning C4018: '<': signed/unsigned mismatch
D:\Github\CodeTest\Cpp\Academy_20210602\Acedemy_20210608_3\Acedemy_20210608_3.cpp(97,25): warning C4018: '<': signed/unsigned mismatch
D:\Github\CodeTest\Cpp\Academy_20210602\Acedemy_20210608_3\Acedemy_20210608_3.cpp(109,24): warning C4018: '<': signed/unsigned mismatch
D:\Github\CodeTest\Cpp\Academy_20210602\Acedemy_20210608_3\Acedemy_20210608_3.cpp(119,25): warning C4018: '<': signed/unsigned mismatch
D:\Github\CodeTest\Cpp\Academy_20210602\Acedemy_20210608_3\Acedemy_20210608_3.cpp(121,26): warning C4018: '<': signed/unsigned mismatch
D:\Github\CodeTest\Cpp\Academy_20210602\Acedemy_20210608_3\Acedemy_20210608_3.cpp(132,25): warning C4018: '<': signed/unsigned mismatch
D:\Github\CodeTest\Cpp\Academy_20210602\Acedemy_20210608_3\Acedemy_20210608_3.cpp(134,26): warning C4018: '<': signed/unsigned mismatch
D:\Github\CodeTest\Cpp\Academy_20210602\Acedemy_20210608_3\Acedemy_20210608_3.cpp(142,25): warning C4018: '<': signed/unsigned mismatch
D:\Github\CodeTest\Cpp\Academy_20210602\Acedemy_20210608_3\Acedemy_20210608_3.cpp(144,26): warning C4018: '<': signed/unsigned mismatch
D:\Github\CodeTest\Cpp\Academy_20210602\Acedemy_20210608_3\Acedemy_20210608_3.cpp(155,25): warning C4018: '<': signed/unsigned mismatch
D:\Github\CodeTest\Cpp\Academy_20210602\Acedemy_20210608_3\Acedemy_20210608_3.cpp(157,26): warning C4018: '<': signed/unsigned mismatch
D:\Github\CodeTest\Cpp\Academy_20210602\Acedemy_20210608_3\Acedemy_20210608_3.cpp(165,25): warning C4018: '<': signed/unsigned mismatch
D:\Github\CodeTest\Cpp\Academy_20210602\Acedemy_20210608_3\Acedemy_20210608_3.cpp(167,26): warning C4018: '<': signed/unsigned mismatch
D:\Github\CodeTest\Cpp\Academy_20210602\Acedemy_20210608_3\Acedemy_20210608_3.cpp(178,25): warning C4018: '<': signed/unsigned mismatch
D:\Github\CodeTest\Cpp\Academy_20210602\Acedemy_20210608_3\Acedemy_20210608_3.cpp(180,26): warning C4018: '<': signed/unsigned mismatch
D:\Github\CodeTest\Cpp\Academy_20210602\Acedemy_20210608_3\Acedemy_20210608_3.cpp(202,23): warning C4018: '<': signed/unsigned mismatch
D:\Github\CodeTest\Cpp\Academy_20210602\Acedemy_20210608_3\Acedemy_20210608_3.cpp(208,23): warning C4018: '<': signed/unsigned mismatch
D:\Github\CodeTest\Cpp\Academy_20210602\Acedemy_20210608_3\Acedemy_20210608_3.cpp(210,24): warning C4018: '<': signed/unsigned mismatch
D:\Github\CodeTest\Cpp\Academy_20210602\Acedemy_20210608_3\Acedemy_20210608_3.cpp(218,23): warning C4018: '<': signed/unsigned mismatch
D:\Github\CodeTest\Cpp\Academy_20210602\Acedemy_20210608_3\Acedemy_20210608_3.cpp(220,24): warning C4018: '<': signed/unsigned mismatch
D:\Github\CodeTest\Cpp\Academy_20210602\Acedemy_20210608_3\Acedemy_20210608_3.cpp(247,12): warning C4244: 'argument': conversion from 'time_t' to 'unsigned int', possible loss of data
D:\Github\CodeTest\Cpp\Academy_20210602\Acedemy_20210608_3\Acedemy_20210608_3.cpp(241,31): warning C4101: 'result': unreferenced local variable
  Acedemy_20210608_3.vcxproj -> D:\Github\CodeTest\Cpp\Academy_20210602\Debug\Acedemy_20210608_HW.exe
